<?xml version="1.0" encoding="UTF-8"?>
<!-- Generated by org.testng.reporters.JUnitReportReporter -->
<testsuite hostname="Sarojchandra-01" failures="0" tests="1" name="testcases.Users" time="6.669" errors="0" timestamp="2023-02-24T14:48:23 IST" skipped="0">
  <testcase classname="testcases.Users" name="createUser" time="6.669"/>
  <system-out/>
</testsuite> <!-- testcases.Users -->
