<?xml version="1.0" encoding="UTF-8"?>
<!-- Generated by org.testng.reporters.JUnitReportReporter -->
<testsuite hostname="Sarojchandra-01" failures="0" tests="1" name="testcases.Users" time="5.968" errors="0" timestamp="2023-02-24T15:58:19 IST" skipped="0">
  <testcase classname="testcases.Users" name="createUser" time="5.968"/>
  <system-out/>
</testsuite> <!-- testcases.Users -->
